<?xml version="1.0" encoding="utf-8"?><testsuites name="pytest tests"><testsuite name="pytest" errors="0" failures="0" skipped="0" tests="15" time="29.425" timestamp="2026-04-27T12:23:44.795386+00:00" hostname="agent-env-52771a6b-7e65-48c9-993a-5d73e917137c"><testcase classname="backend.tests.test_ai_trading" name="test_health" time="0.183" /><testcase classname="backend.tests.test_ai_trading" name="test_register_new" time="0.387" /><testcase classname="backend.tests.test_ai_trading" name="test_login" time="0.346" /><testcase classname="backend.tests.test_ai_trading" name="test_me" time="0.105" /><testcase classname="backend.tests.test_ai_trading" name="test_me_unauth" time="0.144" /><testcase classname="backend.tests.test_ai_trading" name="test_signals" time="20.306" /><testcase classname="backend.tests.test_ai_trading" name="test_chart_candles" time="0.218" /><testcase classname="backend.tests.test_ai_trading" name="test_settings_flow" time="0.387" /><testcase classname="backend.tests.test_ai_trading" name="test_backtest" time="0.698" /><testcase classname="backend.tests.test_ai_trading" name="test_backtest_runs_list" time="0.166" /><testcase classname="backend.tests.test_ai_trading" name="test_backtest_run_detail" time="0.375" /><testcase classname="backend.tests.test_ai_trading" name="test_journal_crud" time="0.521" /><testcase classname="backend.tests.test_ai_trading" name="test_trade_flow" time="5.269" /><testcase classname="backend.tests.test_ai_trading" name="test_stats" time="0.124" /><testcase classname="backend.tests.test_ai_trading" name="test_equity" time="0.106" /></testsuite></testsuites>